<?xml version="1.0" encoding="UTF-8"?>
<!-- Generated by org.testng.reporters.JUnitReportReporter -->
<testsuite hostname="DESKTOP-B8D4K3G" failures="0" tests="11" name="HomeLyf.test.Vendor" time="40.681" errors="1" timestamp="2024-06-14T17:48:39 IST" skipped="10">
  <testcase classname="HomeLyf.test.Vendor" name="vendor_AcceptBookingAfterEnablingTimeslot" time="40.681">
    <error type="java.lang.NullPointerException">
      <![CDATA[java.lang.NullPointerException
at java.base/java.util.concurrent.ConcurrentHashMap.putVal(ConcurrentHashMap.java:1011)
at java.base/java.util.concurrent.ConcurrentHashMap.put(ConcurrentHashMap.java:1006)
at org.testng.internal.Attributes.setAttribute(Attributes.java:25)
at org.testng.TestRunner.setAttribute(TestRunner.java:1297)
at HomeLyf.test.Vendor.vendor_AcceptBookingAfterEnablingTimeslot(Vendor.java:266)
at java.base/jdk.internal.reflect.DirectMethodHandleAccessor.invoke(DirectMethodHandleAccessor.java:103)
at java.base/java.lang.reflect.Method.invoke(Method.java:580)
at org.testng.internal.invokers.MethodInvocationHelper.invokeMethod(MethodInvocationHelper.java:139)
at org.testng.internal.invokers.TestInvoker.invokeMethod(TestInvoker.java:664)
at org.testng.internal.invokers.TestInvoker.invokeTestMethod(TestInvoker.java:228)
at org.testng.internal.invokers.MethodRunner.runInSequence(MethodRunner.java:63)
at org.testng.internal.invokers.TestInvoker$MethodInvocationAgent.invoke(TestInvoker.java:961)
at org.testng.internal.invokers.TestInvoker.invokeTestMethods(TestInvoker.java:201)
at org.testng.internal.invokers.TestMethodWorker.invokeTestMethods(TestMethodWorker.java:148)
at org.testng.internal.invokers.TestMethodWorker.run(TestMethodWorker.java:128)
at java.base/java.util.ArrayList.forEach(ArrayList.java:1596)
at org.testng.TestRunner.privateRun(TestRunner.java:819)
at org.testng.TestRunner.run(TestRunner.java:619)
at org.testng.SuiteRunner.runTest(SuiteRunner.java:443)
at org.testng.SuiteRunner.runSequentially(SuiteRunner.java:437)
at org.testng.SuiteRunner.privateRun(SuiteRunner.java:397)
at org.testng.SuiteRunner.run(SuiteRunner.java:336)
at org.testng.SuiteRunnerWorker.runSuite(SuiteRunnerWorker.java:52)
at org.testng.SuiteRunnerWorker.run(SuiteRunnerWorker.java:95)
at org.testng.TestNG.runSuitesSequentially(TestNG.java:1301)
at org.testng.TestNG.runSuitesLocally(TestNG.java:1228)
at org.testng.TestNG.runSuites(TestNG.java:1134)
at org.testng.TestNG.run(TestNG.java:1101)
at org.testng.remote.AbstractRemoteTestNG.run(AbstractRemoteTestNG.java:115)
at org.testng.remote.RemoteTestNG.initAndRun(RemoteTestNG.java:251)
at org.testng.remote.RemoteTestNG.main(RemoteTestNG.java:77)
]]>
    </error>
  </testcase> <!-- vendor_AcceptBookingAfterEnablingTimeslot -->
  <testcase classname="HomeLyf.test.Vendor" name="vendor_acceptBooking">
    <skipped/>
  </testcase> <!-- vendor_acceptBooking -->
  <testcase classname="HomeLyf.test.Vendor" name="vendor_EnableTimeslotTest">
    <skipped/>
  </testcase> <!-- vendor_EnableTimeslotTest -->
  <testcase classname="HomeLyf.test.Vendor" name="vendor_CompleteBookingTest">
    <skipped/>
  </testcase> <!-- vendor_CompleteBookingTest -->
  <testcase classname="HomeLyf.test.Vendor" name="vendor_DisableTimeslotTest">
    <skipped/>
  </testcase> <!-- vendor_DisableTimeslotTest -->
  <testcase classname="HomeLyf.test.Vendor" name="vendor_ProfileTest">
    <skipped/>
  </testcase> <!-- vendor_ProfileTest -->
  <testcase classname="HomeLyf.test.Vendor" name="VendorLogin">
    <skipped/>
  </testcase> <!-- VendorLogin -->
  <testcase classname="HomeLyf.test.Vendor" name="vendor_TimeslotTest">
    <skipped/>
  </testcase> <!-- vendor_TimeslotTest -->
  <testcase classname="HomeLyf.test.Vendor" name="vendor_get_booking">
    <skipped/>
  </testcase> <!-- vendor_get_booking -->
  <testcase classname="HomeLyf.test.Vendor" name="vendor_StartBookingTest">
    <skipped/>
  </testcase> <!-- vendor_StartBookingTest -->
  <testcase classname="HomeLyf.test.Vendor" name="vendor_cancelBooking">
    <skipped/>
  </testcase> <!-- vendor_cancelBooking -->
</testsuite> <!-- HomeLyf.test.Vendor -->
