<?xml version="1.0" encoding="UTF-8"?>
<!-- Generated by org.testng.reporters.JUnitReportReporter -->
<testsuite hostname="Shreyonika" failures="0" tests="4" name="HomeLyf.test.User" time="4.255" errors="0" timestamp="2024-04-05T14:45:22 IST" skipped="0">
  <testcase classname="HomeLyf.test.User" name="userSignUp" time="2.737"/>
  <testcase classname="HomeLyf.test.User" name="userLogin" time="0.963"/>
  <testcase classname="HomeLyf.test.User" name="sendEmailOTP" time="0.204"/>
  <testcase classname="HomeLyf.test.User" name="forgot_Pass" time="0.351"/>
</testsuite> <!-- HomeLyf.test.User -->
