<?xml version="1.0" encoding="UTF-8"?>
<!-- Generated by org.testng.reporters.JUnitReportReporter -->
<testsuite hostname="DESKTOP-KKPJ5RQ" failures="0" tests="1" name="HomeLyf.test.CustomerTests" time="10.473" errors="0" timestamp="2024-05-04T11:50:45 IST" skipped="0">
  <testcase classname="HomeLyf.test.CustomerTests" name="getLookupCategory" time="10.473"/>
</testsuite> <!-- HomeLyf.test.CustomerTests -->
