<?xml version="1.0" encoding="UTF-8"?>
<!-- Generated by org.testng.reporters.JUnitReportReporter -->
<testsuite hostname="DESKTOP-B8D4K3G" failures="0" tests="5" name="HomeLyf.test.Vendor" time="49.757" errors="0" timestamp="2024-05-08T15:40:15 IST" skipped="0">
  <testcase classname="HomeLyf.test.Vendor" name="userLogin" time="10.438"/>
  <testcase classname="HomeLyf.test.Vendor" name="vendor_get_booking" time="35.924"/>
  <testcase classname="HomeLyf.test.Vendor" name="Vendor_Timeslot" time="1.924"/>
  <testcase classname="HomeLyf.test.Vendor" name="vendorDisableTimeslot" time="0.886"/>
  <testcase classname="HomeLyf.test.Vendor" name="vendorenable_timeslot" time="0.585"/>
</testsuite> <!-- HomeLyf.test.Vendor -->
