<?xml version="1.0" encoding="UTF-8"?>
<!-- Generated by org.testng.reporters.JUnitReportReporter -->
<testsuite hostname="DESKTOP-KKPJ5RQ" failures="0" tests="2" name="HomeLyf.test.User" time="10.939" errors="0" timestamp="2 Apr 2024 04:55:59 GMT">
  <testcase classname="HomeLyf.test.User" name="forgot_Pass" time="2.069"/>
  <testcase classname="HomeLyf.test.User" name="forgot_Pass" time="8.870"/>
</testsuite> <!-- HomeLyf.test.User -->
