<?xml version="1.0" encoding="UTF-8"?>
<!-- Generated by org.testng.reporters.JUnitReportReporter -->
<testsuite hostname="Shreyonika" failures="0" tests="1" name="HomeLyf.test.Vendor" time="5.698" errors="0" timestamp="2024-04-05T12:52:29 IST" skipped="0">
  <testcase classname="HomeLyf.test.Vendor" name="userSignUp" time="5.698"/>
</testsuite> <!-- HomeLyf.test.Vendor -->
