<?xml version="1.0" encoding="UTF-8"?>
<!-- Generated by org.testng.reporters.JUnitReportReporter -->
<testsuite hostname="DESKTOP-KKPJ5RQ" failures="0" tests="4" name="HomeLyf.test.Customer" time="27.843" errors="0" timestamp="2024-05-04T14:00:15 IST" skipped="0">
  <testcase classname="HomeLyf.test.Customer" name="userLogin" time="12.860"/>
  <testcase classname="HomeLyf.test.Customer" name="customer_service" time="10.538"/>
  <testcase classname="HomeLyf.test.Customer" name="getUserLookupCategory" time="3.070"/>
  <testcase classname="HomeLyf.test.Customer" name="getSubCateogryId" time="1.375"/>
</testsuite> <!-- HomeLyf.test.Customer -->
