<?xml version="1.0" encoding="UTF-8"?>
<!-- Generated by org.testng.reporters.JUnitReportReporter -->
<testsuite hostname="DESKTOP-KKPJ5RQ" failures="0" tests="1" name="HomeLyf.test.User" time="13.133" errors="0" timestamp="1 Apr 2024 06:18:32 GMT">
  <testcase classname="HomeLyf.test.User" name="sendEmailOTP" time="13.133"/>
</testsuite> <!-- HomeLyf.test.User -->
